<?xml version="1.0" encoding="UTF-8"?>
<!-- Generated by org.testng.reporters.JUnitReportReporter -->
<testsuite hostname="LAPTOP-76PGCCB3" failures="0" tests="1" name="com.shwetabh.docker.GoogleSeachChrome" time="9.144" errors="0" timestamp="2022-09-12T20:43:54 IST" skipped="0">
  <testcase classname="com.shwetabh.docker.GoogleSeachChrome" name="googleSearch" time="9.144"/>
  <system-out/>
</testsuite> <!-- com.shwetabh.docker.GoogleSeachChrome -->
